2025-11-27 14:02:46,149 - INFO - Starting processing
2025-11-27 14:02:46,150 - DEBUG - Processing id=1: text='The service was excellent and I really enjoyed the atmosphere.'
2025-11-27 14:02:46,151 - DEBUG - Processing id=2: text='I waited for 40 minutes and nobody helped me.'
2025-11-27 14:02:46,151 - DEBUG - Processing id=3: text='The product works fine, nothing special.'
2025-11-27 14:02:46,151 - DEBUG - Processing id=4: text='Absolutely terrible experience and rude employees!'
2025-11-27 14:02:46,152 - DEBUG - Processing id=5: text='The app is okay but sometimes crashes.'
2025-11-27 14:02:46,153 - DEBUG - Processing id=6: text='I loved the new design!'
2025-11-27 14:02:46,153 - DEBUG - Processing id=7: text='Shipping took too long.'
2025-11-27 14:02:46,153 - DEBUG - Processing id=8: text='It works exactly as expected.'
2025-11-27 14:02:46,154 - DEBUG - Processing id=9: text='Support team was responsive and helpful.'
2025-11-27 14:02:46,154 - DEBUG - Processing id=10: text='The result quality is average.'
2025-11-27 14:02:46,154 - DEBUG - Processing id=11: text='Worst customer service I've ever seen.'
2025-11-27 14:02:46,154 - DEBUG - Processing id=12: text='Really disappointed by the performance.'
2025-11-27 14:02:46,155 - DEBUG - Processing id=13: text='It's just fine, nothing wrong with it.'
2025-11-27 14:02:46,155 - DEBUG - Processing id=14: text='The update improved everything.'
2025-11-27 14:02:46,156 - DEBUG - Processing id=15: text='Amazing experience, highly recommend.'
2025-11-27 14:02:46,156 - DEBUG - Processing id=16: text='The price was too high for what it delivers.'
2025-11-27 14:02:46,156 - DEBUG - Processing id=17: text='I guess it's okay.'
2025-11-27 14:02:46,156 - DEBUG - Processing id=18: text='Everything worked smoothly.'
2025-11-27 14:02:46,156 - DEBUG - Processing id=19: text='Great support and reliable quality.'
2025-11-27 14:02:46,157 - DEBUG - Processing id=20: text='Not as good as advertised.'
2025-11-27 14:02:46,157 - DEBUG - Processing id=21: text='The service was okay but could improve.'
2025-11-27 14:02:46,157 - DEBUG - id=21 conflict_reason=Multi-aspect / contradictory clauses; Mild positive language interpreted differently (neutral vs positive)
2025-11-27 14:02:46,157 - DEBUG - id=21 suggested=Positive confidence=0.5
2025-11-27 14:02:46,157 - DEBUG - Processing id=22: text='Fantastic quality for the price.'
2025-11-27 14:02:46,158 - DEBUG - Processing id=23: text='Terrible packaging.'
2025-11-27 14:02:46,158 - DEBUG - Processing id=24: text='Good enough for daily use.'
2025-11-27 14:02:46,158 - DEBUG - Processing id=25: text='Loved it!'
2025-11-27 14:02:46,158 - DEBUG - Processing id=26: text='Too noisy and slow.'
2025-11-27 14:02:46,158 - DEBUG - Processing id=27: text='Excellent battery life.'
2025-11-27 14:02:46,159 - DEBUG - Processing id=28: text='The camera quality is impressive.'
2025-11-27 14:02:46,159 - DEBUG - Processing id=29: text='Customer service was polite but slow.'
2025-11-27 14:02:46,160 - DEBUG - id=29 conflict_reason=Multi-aspect / contradictory clauses; Ambiguous or weak sentiment; Mild negative language or phrasing ambiguity
2025-11-27 14:02:46,160 - DEBUG - id=29 suggested=Neutral confidence=0.5
2025-11-27 14:02:46,161 - DEBUG - Processing id=30: text='The item arrived earlier than expected.'
2025-11-27 14:02:46,161 - DEBUG - Processing id=31: text='The build quality feels cheap.'
2025-11-27 14:02:46,161 - DEBUG - Processing id=32: text='It meets basic expectations.'
2025-11-27 14:02:46,161 - DEBUG - Processing id=33: text='The new update made the app unstable.'
2025-11-27 14:02:46,162 - DEBUG - id=33 conflict_reason=Mild negative language or phrasing ambiguity
2025-11-27 14:02:46,162 - DEBUG - id=33 suggested=Neutral confidence=0.5
2025-11-27 14:02:46,162 - DEBUG - Processing id=34: text='I love how easy it is to use.'
2025-11-27 14:02:46,162 - DEBUG - Processing id=35: text='The gloves ripped after one day.'
2025-11-27 14:02:46,163 - DEBUG - Processing id=36: text='Comfortable and durable.'
2025-11-27 14:02:46,163 - DEBUG - Processing id=37: text='The gift packaging looked beautiful.'
2025-11-27 14:02:46,164 - DEBUG - Processing id=38: text='Nothing special but works.'
2025-11-27 14:02:46,164 - DEBUG - Processing id=39: text='Everything arrived damaged.'
2025-11-27 14:02:46,164 - DEBUG - Processing id=40: text='Clear instructions and easy setup.'
2025-11-27 14:02:46,165 - DEBUG - Processing id=41: text='Delivery time was normal I guess.'
2025-11-27 14:02:46,165 - DEBUG - id=41 conflict_reason=Ambiguous or weak sentiment; Mild positive language interpreted differently (neutral vs positive)
2025-11-27 14:02:46,165 - DEBUG - id=41 suggested=Neutral confidence=0.5
2025-11-27 14:02:46,166 - DEBUG - Processing id=42: text='The charger overheats sometimes.'
2025-11-27 14:02:46,166 - DEBUG - Processing id=43: text='Highly functional device.'
2025-11-27 14:02:46,166 - DEBUG - Processing id=44: text='Extremely satisfied overall.'
2025-11-27 14:02:46,166 - DEBUG - Processing id=45: text='It is smaller than expected.'
2025-11-27 14:02:46,166 - DEBUG - Processing id=46: text='Soft material and high comfort.'
2025-11-27 14:02:46,166 - DEBUG - Processing id=47: text='The UI is clean but performance is terrible.'
2025-11-27 14:02:46,167 - DEBUG - id=47 conflict_reason=Multi-aspect / contradictory clauses; Polarized annotator opinions (strong positive vs negative words)
2025-11-27 14:02:46,167 - DEBUG - id=47 suggested=Negative confidence=0.5
2025-11-27 14:02:46,167 - DEBUG - Processing id=48: text='Works fine for daily commuting.'
2025-11-27 14:02:46,167 - DEBUG - Processing id=49: text='The flashlight is powerful and lightweight.'
2025-11-27 14:02:46,167 - DEBUG - Processing id=50: text='The speaker sound is distorted at high volume.'
2025-11-27 14:02:46,168 - DEBUG - Processing id=51: text='Great for the price.'
2025-11-27 14:02:46,168 - DEBUG - Processing id=52: text='Painful to wear after an hour.'
2025-11-27 14:02:46,168 - DEBUG - Processing id=53: text='Met all my expectations.'
2025-11-27 14:02:46,168 - DEBUG - Processing id=54: text='Good value but packaging needs improvement.'
2025-11-27 14:02:46,169 - DEBUG - Processing id=55: text='The buttons feel cheap.'
2025-11-27 14:02:46,169 - DEBUG - Processing id=56: text='Honestly, I liked some parts and disliked others.'
2025-11-27 14:02:46,169 - DEBUG - id=56 conflict_reason=Mild positive language interpreted differently (neutral vs positive)
2025-11-27 14:02:46,169 - DEBUG - id=56 suggested=Neutral confidence=0.5
2025-11-27 14:02:46,169 - DEBUG - Processing id=57: text='It works perfectly so far.'
2025-11-27 14:02:46,170 - DEBUG - Processing id=58: text='The fan is incredibly quiet.'
2025-11-27 14:02:46,170 - DEBUG - Processing id=59: text='The zipper broke immediately.'
2025-11-27 14:02:46,170 - DEBUG - Processing id=60: text='Very comfortable fabric.'
2025-11-27 14:02:46,170 - DEBUG - Processing id=61: text='Battery drains quickly.'
2025-11-27 14:02:46,171 - DEBUG - Processing id=62: text='Decent experience overall.'
2025-11-27 14:02:46,171 - DEBUG - Processing id=63: text='They refunded quickly after the issue.'
2025-11-27 14:02:46,172 - DEBUG - id=63 conflict_reason=Ambiguous or weak sentiment; Mild positive language interpreted differently (neutral vs positive)
2025-11-27 14:02:46,172 - DEBUG - id=63 suggested=Neutral confidence=0.5
2025-11-27 14:02:46,172 - DEBUG - Processing id=64: text='The phone case fits perfectly.'
2025-11-27 14:02:46,172 - DEBUG - Processing id=65: text='The handle feels unstable.'
2025-11-27 14:02:46,172 - DEBUG - Processing id=66: text='The backlight is bright enough.'
2025-11-27 14:02:46,172 - DEBUG - Processing id=67: text='Poor microphone quality.'
2025-11-27 14:02:46,173 - DEBUG - Processing id=68: text='Lightning fast performance.'
2025-11-27 14:02:46,173 - DEBUG - Processing id=69: text='The shirt shrunk after washing.'
2025-11-27 14:02:46,173 - DEBUG - Processing id=70: text='Good quality stitching.'
2025-11-27 14:02:46,173 - DEBUG - Processing id=71: text='Not worth the money.'
2025-11-27 14:02:46,174 - DEBUG - Processing id=72: text='The product is not bad but far overpriced.'
2025-11-27 14:02:46,174 - DEBUG - id=72 conflict_reason=Multi-aspect / contradictory clauses; Ambiguous or weak sentiment; Mild negative language or phrasing ambiguity
2025-11-27 14:02:46,174 - DEBUG - id=72 suggested=Neutral confidence=0.5
2025-11-27 14:02:46,174 - DEBUG - Processing id=73: text='The mask is breathable and comfortable.'
2025-11-27 14:02:46,175 - DEBUG - Processing id=74: text='The metal frame bends easily.'
2025-11-27 14:02:46,175 - DEBUG - Processing id=75: text='Looks elegant.'
2025-11-27 14:02:46,175 - DEBUG - Processing id=76: text='The keyboard keys feel great.'
2025-11-27 14:02:46,175 - DEBUG - Processing id=77: text='The material causes skin irritation.'
2025-11-27 14:02:46,175 - DEBUG - Processing id=78: text='The size runs slightly small.'
2025-11-27 14:02:46,175 - DEBUG - Processing id=79: text='The headset has excellent noise cancellation.'
2025-11-27 14:02:46,175 - DEBUG - Processing id=80: text='The handle grip feels ergonomic.'
2025-11-27 14:02:46,175 - DEBUG - Processing id=81: text='Very responsive touch screen.'
2025-11-27 14:02:46,175 - DEBUG - Processing id=82: text='The wheels broke after two weeks.'
2025-11-27 14:02:46,175 - DEBUG - Processing id=83: text='Perfect for beginners.'
2025-11-27 14:02:46,175 - DEBUG - Processing id=84: text='The result depends a lot on luck.'
2025-11-27 14:02:46,177 - DEBUG - id=84 conflict_reason=Mild positive language interpreted differently (neutral vs positive)
2025-11-27 14:02:46,177 - DEBUG - id=84 suggested=Neutral confidence=0.5
2025-11-27 14:02:46,177 - DEBUG - Processing id=85: text='Stable and reliable performance.'
2025-11-27 14:02:46,177 - DEBUG - Processing id=86: text='Feels cheap and poorly designed.'
2025-11-27 14:02:46,177 - DEBUG - Processing id=87: text='The zipper works smoothly.'
2025-11-27 14:02:46,178 - DEBUG - Processing id=88: text='Average experience overall.'
2025-11-27 14:02:46,179 - DEBUG - Processing id=89: text='Very poor usability.'
2025-11-27 14:02:46,179 - DEBUG - Processing id=90: text='The rubber handle is comfortable.'
2025-11-27 14:02:46,179 - DEBUG - Processing id=91: text='Smooth performance on heavy tasks.'
2025-11-27 14:02:46,179 - DEBUG - Processing id=92: text='Really bad smell when opened.'
2025-11-27 14:02:46,179 - DEBUG - Processing id=93: text='The size fits perfectly.'
2025-11-27 14:02:46,179 - DEBUG - Processing id=94: text='Reasonable quality overall.'
2025-11-27 14:02:46,179 - DEBUG - Processing id=95: text='The display brightness is adjustable.'
2025-11-27 14:02:46,179 - DEBUG - Processing id=96: text='The engine stopped working unexpectedly.'
2025-11-27 14:02:46,181 - DEBUG - Processing id=97: text='It does what it should, nothing more.'
2025-11-27 14:02:46,181 - DEBUG - id=97 conflict_reason=Ambiguous or weak sentiment; Mild negative language or phrasing ambiguity
2025-11-27 14:02:46,181 - DEBUG - id=97 suggested=Neutral confidence=0.5
2025-11-27 14:02:46,181 - DEBUG - Processing id=98: text='Extremely lightweight and compact.'
2025-11-27 14:02:46,181 - DEBUG - Processing id=99: text='Very easy to clean.'
2025-11-27 14:02:46,181 - DEBUG - Processing id=100: text='Works perfectly after the update.'
2025-11-27 14:02:46,183 - INFO - Finished processing 100 samples in 0.03s
