2025-11-27 10:57:54,088 - __main__ - INFO - ================================================================================
2025-11-27 10:57:54,088 - __main__ - INFO - Starting Label Conflict Analysis Pipeline
2025-11-27 10:57:54,088 - __main__ - INFO - ================================================================================
2025-11-27 10:57:54,088 - __main__ - INFO - 
[Step 1] Loading data from ../text_label.jsonl
2025-11-27 10:57:54,092 - data_handler - INFO - Loaded 100 samples from ../text_label.jsonl
2025-11-27 10:57:54,113 - __main__ - INFO - 
[Step 2] Analyzing samples for label conflicts
2025-11-27 10:57:54,115 - conflict_analyzer - INFO - Analysis complete: 10/100 conflicts
2025-11-27 10:57:54,117 - __main__ - INFO - 
[Step 3] Extracting conflict samples
2025-11-27 10:57:54,119 - __main__ - INFO - 
[Step 4] Saving results
2025-11-27 10:57:54,124 - data_handler - INFO - Saved 100 items to ..\output\all_analysis_results.jsonl
2025-11-27 10:57:54,126 - data_handler - INFO - Saved 10 items to ..\output\conflict_samples.jsonl
2025-11-27 10:57:54,127 - data_handler - INFO - Saved JSON to ..\output\analysis_summary.json
2025-11-27 10:57:54,129 - __main__ - INFO - 
[Step 5] Generating analysis reports
2025-11-27 10:57:54,130 - report_generator - INFO - Detailed report saved to reports/detailed_analysis_report.md
2025-11-27 10:57:54,131 - report_generator - INFO - Conflict report saved to reports/conflict_analysis_report.md
2025-11-27 10:57:54,132 - report_generator - INFO - Metrics report saved to reports/evaluation_metrics_report.md
2025-11-27 10:57:54,133 - __main__ - INFO - 
[Step 6] Analysis Statistics
2025-11-27 10:57:54,134 - __main__ - INFO -   Total Samples: 100
2025-11-27 10:57:54,134 - __main__ - INFO -   Conflicting Samples: 10
2025-11-27 10:57:54,134 - __main__ - INFO -   Conflict Rate: 10.00%
2025-11-27 10:57:54,134 - __main__ - INFO - 
================================================================================
2025-11-27 10:57:54,134 - __main__ - INFO - Analysis Pipeline Completed Successfully!
2025-11-27 10:57:54,134 - __main__ - INFO - ================================================================================
